#
# There is insufficient memory for the Java Runtime Environment to continue.
# Native memory allocation (malloc) failed to allocate 32744 bytes for ChunkPool::allocate
# Possible reasons:
#   The system is out of physical RAM or swap space
#   The process is running with CompressedOops enabled, and the Java Heap may be blocking the growth of the native heap
# Possible solutions:
#   Reduce memory load on the system
#   Increase physical memory or swap space
#   Check if swap backing store is full
#   Decrease Java heap size (-Xmx/-Xms)
#   Decrease number of Java threads
#   Decrease Java thread stack sizes (-Xss)
#   Set larger code cache with -XX:ReservedCodeCacheSize=
#   JVM is running with Unscaled Compressed Oops mode in which the Java heap is
#     placed in the first 4GB address space. The Java Heap base address is the
#     maximum limit for the native heap growth. Please use -XX:HeapBaseMinAddress
#     to set the Java Heap base and to place the Java Heap above 4GB virtual address.
# This output file may be truncated or incomplete.
#
#  Out of Memory Error (arena.cpp:79), pid=15280, tid=19528
#
# JRE version: Java(TM) SE Runtime Environment (16.0.1+9) (build 16.0.1+9-24)
# Java VM: Java HotSpot(TM) 64-Bit Server VM (16.0.1+9-24, mixed mode, sharing, tiered, compressed oops, compressed class ptrs, g1 gc, windows-amd64)
# No core dump will be written. Minidumps are not enabled by default on client versions of Windows
#

---------------  S U M M A R Y ------------

Command Line: -Dfile.encoding=UTF-8 simple.minds.Score

Host: Intel(R) Core(TM) i3-7100U CPU @ 2.40GHz, 4 cores, 3G,  Windows 10 , 64 bit Build 18362 (10.0.18362.1500)
Time: Mon May 31 20:00:07 2021 India Standard Time elapsed time: 2260.443046 seconds (0d 0h 37m 40s)

---------------  T H R E A D  ---------------

Current thread (0x000001de5674e370):  JavaThread "C2 CompilerThread0" daemon [_thread_in_native, id=19528, stack(0x0000007dad200000,0x0000007dad300000)]


Current CompileTask:
C2:2260547  745       4       java.util.Arrays::binarySearch0 (95 bytes)

Stack: [0x0000007dad200000,0x0000007dad300000]
Native frames: (J=compiled Java code, j=interpreted, Vv=VM code, C=native code)
V  [jvm.dll+0x6687ca]
V  [jvm.dll+0x7ca3c9]
V  [jvm.dll+0x7cbb53]
V  [jvm.dll+0x7cc1b3]
V  [jvm.dll+0x242ea5]
V  [jvm.dll+0xae25f]
V  [jvm.dll+0xae5ac]
V  [jvm.dll+0x11ba88]
V  [jvm.dll+0x6922db]
V  [jvm.dll+0x1b9ffd]
V  [jvm.dll+0x216066]
V  [jvm.dll+0x215350]
V  [jvm.dll+0x1a1d9b]
V  [jvm.dll+0x2253a8]
V  [jvm.dll+0x2233ec]
V  [jvm.dll+0x780002]
V  [jvm.dll+0x779b4a]
V  [jvm.dll+0x667666]
C  [ucrtbase.dll+0x210b2]
C  [KERNEL32.DLL+0x17c24]
C  [ntdll.dll+0x6d721]


---------------  P R O C E S S  ---------------

Threads class SMR info:
_java_thread_list=0x000001de7272ba50, length=16, elements={
0x000001de56739410, 0x000001de5673a1e0, 0x000001de56743400, 0x000001de56746d30,
0x000001de56748650, 0x000001de56748f60, 0x000001de5674e370, 0x000001de717b8d30,
0x000001de717bda90, 0x000001de72459050, 0x000001de724650b0, 0x000001de7265d450,
0x000001de72660430, 0x000001de72663560, 0x000001de726e4d70, 0x000001de5667bd80
}

Java Threads: ( => current thread )
  0x000001de56739410 JavaThread "Reference Handler" daemon [_thread_blocked, id=4872, stack(0x0000007dacc00000,0x0000007dacd00000)]
  0x000001de5673a1e0 JavaThread "Finalizer" daemon [_thread_blocked, id=19380, stack(0x0000007dacd00000,0x0000007dace00000)]
  0x000001de56743400 JavaThread "Signal Dispatcher" daemon [_thread_blocked, id=18700, stack(0x0000007dace00000,0x0000007dacf00000)]
  0x000001de56746d30 JavaThread "Attach Listener" daemon [_thread_blocked, id=17320, stack(0x0000007dacf00000,0x0000007dad000000)]
  0x000001de56748650 JavaThread "Service Thread" daemon [_thread_blocked, id=19032, stack(0x0000007dad000000,0x0000007dad100000)]
  0x000001de56748f60 JavaThread "Monitor Deflation Thread" daemon [_thread_blocked, id=13432, stack(0x0000007dad100000,0x0000007dad200000)]
=>0x000001de5674e370 JavaThread "C2 CompilerThread0" daemon [_thread_in_native, id=19528, stack(0x0000007dad200000,0x0000007dad300000)]
  0x000001de717b8d30 JavaThread "C1 CompilerThread0" daemon [_thread_blocked, id=3136, stack(0x0000007dad300000,0x0000007dad400000)]
  0x000001de717bda90 JavaThread "Sweeper thread" daemon [_thread_blocked, id=17752, stack(0x0000007dad400000,0x0000007dad500000)]
  0x000001de72459050 JavaThread "Notification Thread" daemon [_thread_blocked, id=8096, stack(0x0000007dad500000,0x0000007dad600000)]
  0x000001de724650b0 JavaThread "Common-Cleaner" daemon [_thread_blocked, id=25052, stack(0x0000007dad700000,0x0000007dad800000)]
  0x000001de7265d450 JavaThread "Java2D Disposer" daemon [_thread_blocked, id=20072, stack(0x0000007dad800000,0x0000007dad900000)]
  0x000001de72660430 JavaThread "AWT-Shutdown" [_thread_blocked, id=2516, stack(0x0000007dad900000,0x0000007dada00000)]
  0x000001de72663560 JavaThread "AWT-Windows" daemon [_thread_in_native, id=11500, stack(0x0000007dada00000,0x0000007dadb00000)]
  0x000001de726e4d70 JavaThread "AWT-EventQueue-0" [_thread_in_vm, id=8560, stack(0x0000007dadb00000,0x0000007dadc00000)]
  0x000001de5667bd80 JavaThread "DestroyJavaVM" [_thread_blocked, id=8600, stack(0x0000007dac500000,0x0000007dac600000)]

Other Threads:
  0x000001de567348a0 VMThread "VM Thread" [stack: 0x0000007dacb00000,0x0000007dacc00000] [id=25388]
  0x000001de7245ad90 WatcherThread [stack: 0x0000007dad600000,0x0000007dad700000] [id=2152]
  0x000001de566aac60 GCTaskThread "GC Thread#0" [stack: 0x0000007dac600000,0x0000007dac700000] [id=1144]
  0x000001de566b4940 ConcurrentGCThread "G1 Main Marker" [stack: 0x0000007dac700000,0x0000007dac800000] [id=10964]
  0x000001de566b52c0 ConcurrentGCThread "G1 Conc#0" [stack: 0x0000007dac800000,0x0000007dac900000] [id=13184]
  0x000001de56707f10 ConcurrentGCThread "G1 Refine#0" [stack: 0x0000007dac900000,0x0000007daca00000] [id=14380]
  0x000001de567088a0 ConcurrentGCThread "G1 Service" [stack: 0x0000007daca00000,0x0000007dacb00000] [id=23616]

Threads with active compile tasks:
C2 CompilerThread0  2266876  745       4       java.util.Arrays::binarySearch0 (95 bytes)

VM state: not at safepoint (normal execution)

VM Mutex/Monitor currently owned by a thread: None

Heap address: 0x00000000c1400000, size: 1004 MB, Compressed Oops mode: 32-bit

CDS archive(s) mapped at: [0x0000000800000000-0x0000000800bb0000-0x0000000800bb0000), size 12255232, SharedBaseAddress: 0x0000000800000000, ArchiveRelocationMode: 0.
Compressed class space mapped at: 0x0000000800c00000-0x0000000840c00000, reserved size: 1073741824
Narrow klass base: 0x0000000800000000, Narrow klass shift: 3, Narrow klass range: 0x100000000

GC Precious Log:
 CPUs: 4 total, 4 available
 Memory: 4011M
 Large Page Support: Disabled
 NUMA Support: Disabled
 Compressed Oops: Enabled (32-bit)
 Heap Region Size: 1M
 Heap Min Capacity: 8M
 Heap Initial Capacity: 64M
 Heap Max Capacity: 1004M
 Pre-touch: Disabled
 Parallel Workers: 4
 Concurrent Workers: 1
 Concurrent Refinement Workers: 4
 Periodic GC: Disabled

Heap:
 garbage-first heap   total 65536K, used 8192K [0x00000000c1400000, 0x0000000100000000)
  region size 1024K, 6 young (6144K), 0 survivors (0K)
 Metaspace       used 6531K, committed 6720K, reserved 1056768K
  class space    used 710K, committed 832K, reserved 1048576K

Heap Regions: E=young(eden), S=young(survivor), O=old, HS=humongous(starts), HC=humongous(continues), CS=collection set, F=free, OA=open archive, CA=closed archive, TAMS=top-at-mark-start (previous, next)
|   0|0x00000000c1400000, 0x00000000c1500000, 0x00000000c1500000|100%|HS|  |TAMS 0x00000000c1400000, 0x00000000c1400000| Complete 
|   1|0x00000000c1500000, 0x00000000c1600000, 0x00000000c1600000|100%|HC|  |TAMS 0x00000000c1500000, 0x00000000c1500000| Complete 
|   2|0x00000000c1600000, 0x00000000c1700000, 0x00000000c1700000|100%|HC|  |TAMS 0x00000000c1600000, 0x00000000c1600000| Complete 
|   3|0x00000000c1700000, 0x00000000c1700000, 0x00000000c1800000|  0%| F|  |TAMS 0x00000000c1700000, 0x00000000c1700000| Untracked 
|   4|0x00000000c1800000, 0x00000000c1800000, 0x00000000c1900000|  0%| F|  |TAMS 0x00000000c1800000, 0x00000000c1800000| Untracked 
|   5|0x00000000c1900000, 0x00000000c1900000, 0x00000000c1a00000|  0%| F|  |TAMS 0x00000000c1900000, 0x00000000c1900000| Untracked 
|   6|0x00000000c1a00000, 0x00000000c1a00000, 0x00000000c1b00000|  0%| F|  |TAMS 0x00000000c1a00000, 0x00000000c1a00000| Untracked 
|   7|0x00000000c1b00000, 0x00000000c1b00000, 0x00000000c1c00000|  0%| F|  |TAMS 0x00000000c1b00000, 0x00000000c1b00000| Untracked 
|   8|0x00000000c1c00000, 0x00000000c1c00000, 0x00000000c1d00000|  0%| F|  |TAMS 0x00000000c1c00000, 0x00000000c1c00000| Untracked 
|   9|0x00000000c1d00000, 0x00000000c1d00000, 0x00000000c1e00000|  0%| F|  |TAMS 0x00000000c1d00000, 0x00000000c1d00000| Untracked 
|  10|0x00000000c1e00000, 0x00000000c1e00000, 0x00000000c1f00000|  0%| F|  |TAMS 0x00000000c1e00000, 0x00000000c1e00000| Untracked 
|  11|0x00000000c1f00000, 0x00000000c1f00000, 0x00000000c2000000|  0%| F|  |TAMS 0x00000000c1f00000, 0x00000000c1f00000| Untracked 
|  12|0x00000000c2000000, 0x00000000c2000000, 0x00000000c2100000|  0%| F|  |TAMS 0x00000000c2000000, 0x00000000c2000000| Untracked 
|  13|0x00000000c2100000, 0x00000000c2100000, 0x00000000c2200000|  0%| F|  |TAMS 0x00000000c2100000, 0x00000000c2100000| Untracked 
|  14|0x00000000c2200000, 0x00000000c2200000, 0x00000000c2300000|  0%| F|  |TAMS 0x00000000c2200000, 0x00000000c2200000| Untracked 
|  15|0x00000000c2300000, 0x00000000c2300000, 0x00000000c2400000|  0%| F|  |TAMS 0x00000000c2300000, 0x00000000c2300000| Untracked 
|  16|0x00000000c2400000, 0x00000000c2400000, 0x00000000c2500000|  0%| F|  |TAMS 0x00000000c2400000, 0x00000000c2400000| Untracked 
|  17|0x00000000c2500000, 0x00000000c2500000, 0x00000000c2600000|  0%| F|  |TAMS 0x00000000c2500000, 0x00000000c2500000| Untracked 
|  18|0x00000000c2600000, 0x00000000c2600000, 0x00000000c2700000|  0%| F|  |TAMS 0x00000000c2600000, 0x00000000c2600000| Untracked 
|  19|0x00000000c2700000, 0x00000000c2700000, 0x00000000c2800000|  0%| F|  |TAMS 0x00000000c2700000, 0x00000000c2700000| Untracked 
|  20|0x00000000c2800000, 0x00000000c2800000, 0x00000000c2900000|  0%| F|  |TAMS 0x00000000c2800000, 0x00000000c2800000| Untracked 
|  21|0x00000000c2900000, 0x00000000c2900000, 0x00000000c2a00000|  0%| F|  |TAMS 0x00000000c2900000, 0x00000000c2900000| Untracked 
|  22|0x00000000c2a00000, 0x00000000c2a00000, 0x00000000c2b00000|  0%| F|  |TAMS 0x00000000c2a00000, 0x00000000c2a00000| Untracked 
|  23|0x00000000c2b00000, 0x00000000c2b00000, 0x00000000c2c00000|  0%| F|  |TAMS 0x00000000c2b00000, 0x00000000c2b00000| Untracked 
|  24|0x00000000c2c00000, 0x00000000c2c00000, 0x00000000c2d00000|  0%| F|  |TAMS 0x00000000c2c00000, 0x00000000c2c00000| Untracked 
|  25|0x00000000c2d00000, 0x00000000c2d00000, 0x00000000c2e00000|  0%| F|  |TAMS 0x00000000c2d00000, 0x00000000c2d00000| Untracked 
|  26|0x00000000c2e00000, 0x00000000c2e00000, 0x00000000c2f00000|  0%| F|  |TAMS 0x00000000c2e00000, 0x00000000c2e00000| Untracked 
|  27|0x00000000c2f00000, 0x00000000c2f00000, 0x00000000c3000000|  0%| F|  |TAMS 0x00000000c2f00000, 0x00000000c2f00000| Untracked 
|  28|0x00000000c3000000, 0x00000000c3000000, 0x00000000c3100000|  0%| F|  |TAMS 0x00000000c3000000, 0x00000000c3000000| Untracked 
|  29|0x00000000c3100000, 0x00000000c3100000, 0x00000000c3200000|  0%| F|  |TAMS 0x00000000c3100000, 0x00000000c3100000| Untracked 
|  30|0x00000000c3200000, 0x00000000c3200000, 0x00000000c3300000|  0%| F|  |TAMS 0x00000000c3200000, 0x00000000c3200000| Untracked 
|  31|0x00000000c3300000, 0x00000000c3300000, 0x00000000c3400000|  0%| F|  |TAMS 0x00000000c3300000, 0x00000000c3300000| Untracked 
|  32|0x00000000c3400000, 0x00000000c3400000, 0x00000000c3500000|  0%| F|  |TAMS 0x00000000c3400000, 0x00000000c3400000| Untracked 
|  33|0x00000000c3500000, 0x00000000c3500000, 0x00000000c3600000|  0%| F|  |TAMS 0x00000000c3500000, 0x00000000c3500000| Untracked 
|  34|0x00000000c3600000, 0x00000000c3600000, 0x00000000c3700000|  0%| F|  |TAMS 0x00000000c3600000, 0x00000000c3600000| Untracked 
|  35|0x00000000c3700000, 0x00000000c3700000, 0x00000000c3800000|  0%| F|  |TAMS 0x00000000c3700000, 0x00000000c3700000| Untracked 
|  36|0x00000000c3800000, 0x00000000c3800000, 0x00000000c3900000|  0%| F|  |TAMS 0x00000000c3800000, 0x00000000c3800000| Untracked 
|  37|0x00000000c3900000, 0x00000000c3900000, 0x00000000c3a00000|  0%| F|  |TAMS 0x00000000c3900000, 0x00000000c3900000| Untracked 
|  38|0x00000000c3a00000, 0x00000000c3a00000, 0x00000000c3b00000|  0%| F|  |TAMS 0x00000000c3a00000, 0x00000000c3a00000| Untracked 
|  39|0x00000000c3b00000, 0x00000000c3b00000, 0x00000000c3c00000|  0%| F|  |TAMS 0x00000000c3b00000, 0x00000000c3b00000| Untracked 
|  40|0x00000000c3c00000, 0x00000000c3c00000, 0x00000000c3d00000|  0%| F|  |TAMS 0x00000000c3c00000, 0x00000000c3c00000| Untracked 
|  41|0x00000000c3d00000, 0x00000000c3d00000, 0x00000000c3e00000|  0%| F|  |TAMS 0x00000000c3d00000, 0x00000000c3d00000| Untracked 
|  42|0x00000000c3e00000, 0x00000000c3e00000, 0x00000000c3f00000|  0%| F|  |TAMS 0x00000000c3e00000, 0x00000000c3e00000| Untracked 
|  43|0x00000000c3f00000, 0x00000000c3f00000, 0x00000000c4000000|  0%| F|  |TAMS 0x00000000c3f00000, 0x00000000c3f00000| Untracked 
|  44|0x00000000c4000000, 0x00000000c4000000, 0x00000000c4100000|  0%| F|  |TAMS 0x00000000c4000000, 0x00000000c4000000| Untracked 
|  45|0x00000000c4100000, 0x00000000c4100000, 0x00000000c4200000|  0%| F|  |TAMS 0x00000000c4100000, 0x00000000c4100000| Untracked 
|  46|0x00000000c4200000, 0x00000000c4200000, 0x00000000c4300000|  0%| F|  |TAMS 0x00000000c4200000, 0x00000000c4200000| Untracked 
|  47|0x00000000c4300000, 0x00000000c4300000, 0x00000000c4400000|  0%| F|  |TAMS 0x00000000c4300000, 0x00000000c4300000| Untracked 
|  48|0x00000000c4400000, 0x00000000c4400000, 0x00000000c4500000|  0%| F|  |TAMS 0x00000000c4400000, 0x00000000c4400000| Untracked 
|  49|0x00000000c4500000, 0x00000000c4500000, 0x00000000c4600000|  0%| F|  |TAMS 0x00000000c4500000, 0x00000000c4500000| Untracked 
|  50|0x00000000c4600000, 0x00000000c4600000, 0x00000000c4700000|  0%| F|  |TAMS 0x00000000c4600000, 0x00000000c4600000| Untracked 
|  51|0x00000000c4700000, 0x00000000c4700000, 0x00000000c4800000|  0%| F|  |TAMS 0x00000000c4700000, 0x00000000c4700000| Untracked 
|  52|0x00000000c4800000, 0x00000000c4800000, 0x00000000c4900000|  0%| F|  |TAMS 0x00000000c4800000, 0x00000000c4800000| Untracked 
|  53|0x00000000c4900000, 0x00000000c4900000, 0x00000000c4a00000|  0%| F|  |TAMS 0x00000000c4900000, 0x00000000c4900000| Untracked 
|  54|0x00000000c4a00000, 0x00000000c4a00000, 0x00000000c4b00000|  0%| F|  |TAMS 0x00000000c4a00000, 0x00000000c4a00000| Untracked 
|  55|0x00000000c4b00000, 0x00000000c4b00000, 0x00000000c4c00000|  0%| F|  |TAMS 0x00000000c4b00000, 0x00000000c4b00000| Untracked 
|  56|0x00000000c4c00000, 0x00000000c4c00000, 0x00000000c4d00000|  0%| F|  |TAMS 0x00000000c4c00000, 0x00000000c4c00000| Untracked 
|  57|0x00000000c4d00000, 0x00000000c4d00000, 0x00000000c4e00000|  0%| F|  |TAMS 0x00000000c4d00000, 0x00000000c4d00000| Untracked 
|  58|0x00000000c4e00000, 0x00000000c4e8fa88, 0x00000000c4f00000| 56%| E|  |TAMS 0x00000000c4e00000, 0x00000000c4e00000| Complete 
|  59|0x00000000c4f00000, 0x00000000c5000000, 0x00000000c5000000|100%| E|CS|TAMS 0x00000000c4f00000, 0x00000000c4f00000| Complete 
|  60|0x00000000c5000000, 0x00000000c5100000, 0x00000000c5100000|100%| E|CS|TAMS 0x00000000c5000000, 0x00000000c5000000| Complete 
|  61|0x00000000c5100000, 0x00000000c5200000, 0x00000000c5200000|100%| E|CS|TAMS 0x00000000c5100000, 0x00000000c5100000| Complete 
|  62|0x00000000c5200000, 0x00000000c5300000, 0x00000000c5300000|100%| E|CS|TAMS 0x00000000c5200000, 0x00000000c5200000| Complete 
|  63|0x00000000c5300000, 0x00000000c5400000, 0x00000000c5400000|100%| E|CS|TAMS 0x00000000c5300000, 0x00000000c5300000| Complete 

Card table byte_map: [0x000001de6cff0000,0x000001de6d1f0000] _byte_map_base: 0x000001de6c9e6000

Marking Bits (Prev, Next): (CMBitMap*) 0x000001de566ac1f0, (CMBitMap*) 0x000001de566ac230
 Prev Bits: [0x000001de6d3f0000, 0x000001de6e3a0000)
 Next Bits: [0x000001de6e3a0000, 0x000001de6f350000)

Polling page: 0x000001de54530000

Metaspace:

Usage:
  Non-class:      5.68 MB used.
      Class:    710.16 KB used.
       Both:      6.38 MB used.

Virtual space:
  Non-class space:        8.00 MB reserved,       5.75 MB ( 72%) committed,  1 nodes.
      Class space:        1.00 GB reserved,     832.00 KB ( <1%) committed,  1 nodes.
              Both:        1.01 GB reserved,       6.56 MB ( <1%) committed. 

Chunk freelists:
   Non-Class:  2.13 MB
       Class:  3.24 MB
        Both:  5.37 MB

MaxMetaspaceSize: 17179869184.00 GB
CompressedClassSpaceSize: 1.00 GB
 - commit_granule_bytes: 65536.
 - commit_granule_words: 8192.
 - virtual_space_node_default_size: 1048576.
 - enlarge_chunks_in_place: 1.
 - new_chunks_are_fully_committed: 0.
 - uncommit_free_chunks: 1.
 - use_allocation_guard: 0.
 - handle_deallocations: 1.


Internal statistics:

num_allocs_failed_limit: 0.
num_arena_births: 118.
num_arena_deaths: 0.
num_vsnodes_births: 2.
num_vsnodes_deaths: 0.
num_space_committed: 105.
num_space_uncommitted: 0.
num_chunks_returned_to_freelist: 0.
num_chunks_taken_from_freelist: 138.
num_chunk_merges: 0.
num_chunk_splits: 90.
num_chunks_enlarged: 50.
num_purges: 0.

CodeHeap 'non-profiled nmethods': size=120000Kb used=191Kb max_used=191Kb free=119809Kb
 bounds [0x000001de658c0000, 0x000001de65b30000, 0x000001de6cdf0000]
CodeHeap 'profiled nmethods': size=120000Kb used=1098Kb max_used=1098Kb free=118901Kb
 bounds [0x000001de5e390000, 0x000001de5e600000, 0x000001de658c0000]
CodeHeap 'non-nmethods': size=5760Kb used=1243Kb max_used=1257Kb free=4516Kb
 bounds [0x000001de5ddf0000, 0x000001de5e060000, 0x000001de5e390000]
 total_blobs=1296 nmethods=742 adapters=467
 compilation: enabled
              stopped_count=0, restarted_count=0
 full_count=0

Compilation events (20 events):
Event: 26.373 Thread 0x000001de717b8d30 nmethod 732 0x000001de5e49e910 code [0x000001de5e49eac0, 0x000001de5e49ebe8]
Event: 1178.482 Thread 0x000001de717b8d30  733       3       java.lang.Math::max (12 bytes)
Event: 1179.068 Thread 0x000001de717b8d30 nmethod 733 0x000001de5e49ec90 code [0x000001de5e49ee20, 0x000001de5e49ef58]
Event: 1180.061 Thread 0x000001de717b8d30  734       3       java.lang.StringConcatHelper::newArray (26 bytes)
Event: 1182.010 Thread 0x000001de717b8d30 nmethod 734 0x000001de5e49f010 code [0x000001de5e49f1c0, 0x000001de5e49f408]
Event: 1190.887 Thread 0x000001de717b8d30  736       3       java.lang.StringBuilder::append (8 bytes)
Event: 1191.414 Thread 0x000001de717b8d30 nmethod 736 0x000001de5e49f510 code [0x000001de5e49f6c0, 0x000001de5e49f808]
Event: 1191.414 Thread 0x000001de717b8d30  737       3       java.lang.AbstractStringBuilder::append (55 bytes)
Event: 1196.650 Thread 0x000001de717b8d30 nmethod 737 0x000001de5e49f890 code [0x000001de5e49fa80, 0x000001de5e49fdb8]
Event: 1198.873 Thread 0x000001de717b8d30  739       3       java.lang.StringConcatHelper::newString (67 bytes)
Event: 1205.204 Thread 0x000001de717b8d30 nmethod 739 0x000001de5e49ff10 code [0x000001de5e4a01a0, 0x000001de5e4a0c28]
Event: 1256.083 Thread 0x000001de717b8d30  740       1       java.awt.Component::getObjectLock (5 bytes)
Event: 1256.370 Thread 0x000001de717b8d30 nmethod 740 0x000001de658ef210 code [0x000001de658ef3a0, 0x000001de658ef478]
Event: 1266.763 Thread 0x000001de717b8d30  741       3       java.beans.PropertyChangeSupport::firePropertyChange (35 bytes)
Event: 1266.784 Thread 0x000001de5674e370  743       4       jdk.internal.logger.SurrogateLogger::defaultPlatformLevel (4 bytes)
Event: 1269.605 Thread 0x000001de5674e370 nmethod 743 0x000001de658ef910 code [0x000001de658efaa0, 0x000001de658efb18]
Event: 1270.312 Thread 0x000001de717b8d30 nmethod 741 0x000001de5e4a1010 code [0x000001de5e4a1220, 0x000001de5e4a19c8]
Event: 1270.312 Thread 0x000001de717b8d30  744   !   3       java.awt.Toolkit::setDesktopProperty (81 bytes)
Event: 1271.006 Thread 0x000001de717b8d30 nmethod 744 0x000001de5e4a1c10 code [0x000001de5e4a1e20, 0x000001de5e4a2688]
Event: 2256.896 Thread 0x000001de5674e370  745       4       java.util.Arrays::binarySearch0 (95 bytes)

GC Heap History (0 events):
No events

Deoptimization events (4 events):
Event: 0.737 Thread 0x000001de726e4d70 Uncommon trap: trap_request=0xffffff45 fr.pc=0x000001de658e6174 relative=0x00000000000004b4
Event: 0.737 Thread 0x000001de726e4d70 Uncommon trap: reason=unstable_if action=reinterpret pc=0x000001de658e6174 method=java.lang.StringLatin1.toLowerCase(Ljava/lang/String;[BLjava/util/Locale;)Ljava/lang/String; @ 43 c2
Event: 0.737 Thread 0x000001de726e4d70 DEOPT PACKING pc=0x000001de658e6174 sp=0x0000007dadbfd000
Event: 0.738 Thread 0x000001de726e4d70 DEOPT UNPACKING pc=0x000001de5de3d72e sp=0x0000007dadbfcf70 mode 2

Classes unloaded (0 events):
No events

Classes redefined (0 events):
No events

Internal exceptions (13 events):
Event: 0.209 Thread 0x000001de5667bd80 Exception <a 'java/lang/NoSuchMethodError'{0x00000000c521be00}: 'void java.lang.invoke.DirectMethodHandle$Holder.invokeSpecial(java.lang.Object, java.lang.Object, java.lang.Object)'> (0x00000000c521be00) 
thrown [t:\workspace\open\src\hotspot\share\interpreter\linkResolver.cpp, line 790]
Event: 0.224 Thread 0x000001de5667bd80 Exception <a 'java/lang/ClassNotFoundException'{0x00000000c523c2b8}: sun/awt/resources/spi/awtProvider> (0x00000000c523c2b8) 
thrown [t:\workspace\open\src\hotspot\share\classfile\systemDictionary.cpp, line 256]
Event: 0.275 Thread 0x000001de5667bd80 Exception <a 'java/io/FileNotFoundException'{0x00000000c5296a78}> (0x00000000c5296a78) 
thrown [t:\workspace\open\src\hotspot\share\prims\jni.cpp, line 579]
Event: 0.293 Thread 0x000001de5667bd80 Exception <a 'java/io/FileNotFoundException'{0x00000000c52c5320}> (0x00000000c52c5320) 
thrown [t:\workspace\open\src\hotspot\share\prims\jni.cpp, line 579]
Event: 0.294 Thread 0x000001de5667bd80 Exception <a 'java/lang/NoSuchMethodError'{0x00000000c52c6518}: 'java.lang.Object java.lang.invoke.DirectMethodHandle$Holder.invokeStatic(java.lang.Object)'> (0x00000000c52c6518) 
thrown [t:\workspace\open\src\hotspot\share\interpreter\linkResolver.cpp, line 790]
Event: 0.387 Thread 0x000001de5667bd80 Exception <a 'java/lang/NoSuchMethodError'{0x00000000c511c280}: 'java.lang.Object java.lang.invoke.DirectMethodHandle$Holder.invokeStaticInit(java.lang.Object)'> (0x00000000c511c280) 
thrown [t:\workspace\open\src\hotspot\share\interpreter\linkResolver.cpp, line 790]
Event: 0.465 Thread 0x000001de5667bd80 Exception <a 'java/lang/NoSuchMethodError'{0x00000000c51d01c8}: 'java.lang.Object java.lang.invoke.DirectMethodHandle$Holder.newInvokeSpecial(java.lang.Object, java.lang.Object, java.lang.Object, java.lang.Object, java.lang.Object)'> (0x00000000c51d01c8) 
thrown [t:\workspace\open\src\hotspot\share\interpreter\linkResolver.cpp, line 790]
Event: 0.469 Thread 0x000001de5667bd80 Exception <a 'java/lang/NoSuchMethodError'{0x00000000c51dbcb0}: 'java.lang.Object java.lang.invoke.DirectMethodHandle$Holder.invokeStatic(java.lang.Object, int, java.lang.Object, java.lang.Object, java.lang.Object, java.lang.Object)'> (0x00000000c51dbcb0) 
thrown [t:\workspace\open\src\hotspot\share\interpreter\linkResolver.cpp, line 790]
Event: 0.480 Thread 0x000001de5667bd80 Exception <a 'java/lang/NoSuchMethodError'{0x00000000c5002338}: 'java.lang.Object java.lang.invoke.DirectMethodHandle$Holder.invokeStatic(java.lang.Object, int, java.lang.Object)'> (0x00000000c5002338) 
thrown [t:\workspace\open\src\hotspot\share\interpreter\linkResolver.cpp, line 790]
Event: 0.526 Thread 0x000001de5667bd80 Exception <a 'java/lang/ClassNotFoundException'{0x00000000c50ba610}: com/sun/swing/internal/plaf/metal/resources/spi/metalProvider> (0x00000000c50ba610) 
thrown [t:\workspace\open\src\hotspot\share\classfile\systemDictionary.cpp, line 256]
Event: 0.527 Thread 0x000001de5667bd80 Exception <a 'java/lang/ClassNotFoundException'{0x00000000c50be8e8}: com/sun/swing/internal/plaf/basic/resources/spi/basicProvider> (0x00000000c50be8e8) 
thrown [t:\workspace\open\src\hotspot\share\classfile\systemDictionary.cpp, line 256]
Event: 0.560 Thread 0x000001de72663560 Exception <a 'java/lang/NoSuchMethodError'{0x00000000c5153140}: 'void java.lang.invoke.DirectMethodHandle$Holder.invokeVirtual(java.lang.Object, java.lang.Object)'> (0x00000000c5153140) 
thrown [t:\workspace\open\src\hotspot\share\interpreter\linkResolver.cpp, line 790]
Event: 0.581 Thread 0x000001de5667bd80 Exception <a 'java/lang/NoSuchMethodError'{0x00000000c4f57f60}: 'void java.lang.invoke.DirectMethodHandle$Holder.invokeStaticInit(java.lang.Object)'> (0x00000000c4f57f60) 
thrown [t:\workspace\open\src\hotspot\share\interpreter\linkResolver.cpp, line 790]

Events (20 events):
Event: 26.714 loading class java/awt/KeyboardFocusManager$2
Event: 26.714 loading class java/awt/KeyboardFocusManager$2 done
Event: 26.714 loading class sun/awt/SunToolkit$1
Event: 26.714 loading class sun/awt/SunToolkit$1 done
Event: 26.861 Executing  VM operation: Cleanup
Event: 26.862 Executing  VM operation: Cleanup done
Event: 898.717 loading class java/awt/desktop/SystemSleepListener
Event: 899.258 loading class java/awt/desktop/SystemEventListener
Event: 900.272 loading class java/awt/desktop/SystemEventListener done
Event: 900.275 loading class java/awt/desktop/SystemSleepListener done
Event: 1184.516 Executing  VM operation: Cleanup
Event: 1189.833 Executing  VM operation: Cleanup done
Event: 1192.320 loading class java/util/WeakHashMap$KeyIterator
Event: 1200.826 loading class java/util/WeakHashMap$HashIterator
Event: 1207.240 loading class java/util/WeakHashMap$HashIterator done
Event: 1208.093 loading class java/util/WeakHashMap$KeyIterator done
Event: 1219.392 loading class javax/swing/RepaintManager$DisplayChangedRunnable
Event: 1226.160 loading class javax/swing/RepaintManager$DisplayChangedRunnable done
Event: 2248.863 Executing  VM operation: Cleanup
Event: 2251.064 Executing  VM operation: Cleanup done


Dynamic libraries:
0x00007ff63e0e0000 - 0x00007ff63e0f0000 	C:\Program Files\Java\jdk-16.0.1\bin\java.exe
0x00007ffb94f60000 - 0x00007ffb95150000 	C:\WINDOWS\SYSTEM32\ntdll.dll
0x00007ffb94120000 - 0x00007ffb941d2000 	C:\WINDOWS\System32\KERNEL32.DLL
0x00007ffb922b0000 - 0x00007ffb92555000 	C:\WINDOWS\System32\KERNELBASE.dll
0x00007ffb92d80000 - 0x00007ffb92e7a000 	C:\WINDOWS\System32\ucrtbase.dll
0x00007ffb86dd0000 - 0x00007ffb86de9000 	C:\Program Files\Java\jdk-16.0.1\bin\VCRUNTIME140.dll
0x00007ffb8d4b0000 - 0x00007ffb8d4c8000 	C:\Program Files\Java\jdk-16.0.1\bin\jli.dll
0x00007ffb94ce0000 - 0x00007ffb94d83000 	C:\WINDOWS\System32\ADVAPI32.dll
0x00007ffb937b0000 - 0x00007ffb9384e000 	C:\WINDOWS\System32\msvcrt.dll
0x00007ffb94a30000 - 0x00007ffb94ac7000 	C:\WINDOWS\System32\sechost.dll
0x00007ffb93b00000 - 0x00007ffb93c1f000 	C:\WINDOWS\System32\RPCRT4.dll
0x00007ffb93170000 - 0x00007ffb93304000 	C:\WINDOWS\System32\USER32.dll
0x00007ffb92ea0000 - 0x00007ffb92ec1000 	C:\WINDOWS\System32\win32u.dll
0x00007ffb7f9e0000 - 0x00007ffb7fc64000 	C:\WINDOWS\WinSxS\amd64_microsoft.windows.common-controls_6595b64144ccf1df_6.0.18362.1556_none_9e7e372fe45e41d5\COMCTL32.dll
0x00007ffb93780000 - 0x00007ffb937a6000 	C:\WINDOWS\System32\GDI32.dll
0x00007ffb93c20000 - 0x00007ffb93f56000 	C:\WINDOWS\System32\combase.dll
0x00007ffb920e0000 - 0x00007ffb92278000 	C:\WINDOWS\System32\gdi32full.dll
0x00007ffb92560000 - 0x00007ffb925fe000 	C:\WINDOWS\System32\msvcp_win.dll
0x00007ffb92ed0000 - 0x00007ffb92f51000 	C:\WINDOWS\System32\bcryptPrimitives.dll
0x00007ffb8c790000 - 0x00007ffb8c79a000 	C:\WINDOWS\SYSTEM32\VERSION.dll
0x00007ffb93ad0000 - 0x00007ffb93afe000 	C:\WINDOWS\System32\IMM32.DLL
0x00007ffb86dc0000 - 0x00007ffb86dcc000 	C:\Program Files\Java\jdk-16.0.1\bin\vcruntime140_1.dll
0x00007ffb52450000 - 0x00007ffb524e1000 	C:\Program Files\Java\jdk-16.0.1\bin\msvcp140.dll
0x00007ffb317c0000 - 0x00007ffb3236b000 	C:\Program Files\Java\jdk-16.0.1\bin\server\jvm.dll
0x00007ffb93f60000 - 0x00007ffb93f68000 	C:\WINDOWS\System32\PSAPI.DLL
0x00007ffb86df0000 - 0x00007ffb86df9000 	C:\WINDOWS\SYSTEM32\WSOCK32.dll
0x00007ffb8fbc0000 - 0x00007ffb8fbe4000 	C:\WINDOWS\SYSTEM32\WINMM.dll
0x00007ffb940b0000 - 0x00007ffb9411f000 	C:\WINDOWS\System32\WS2_32.dll
0x00007ffb8fb70000 - 0x00007ffb8fb9d000 	C:\WINDOWS\SYSTEM32\winmmbase.dll
0x00007ffb92f60000 - 0x00007ffb92faa000 	C:\WINDOWS\System32\cfgmgr32.dll
0x00007ffb91eb0000 - 0x00007ffb91ec1000 	C:\WINDOWS\System32\kernel.appcore.dll
0x00007ffb86d40000 - 0x00007ffb86d4a000 	C:\Program Files\Java\jdk-16.0.1\bin\jimage.dll
0x00007ffb90700000 - 0x00007ffb908f4000 	C:\WINDOWS\SYSTEM32\DBGHELP.DLL
0x00007ffb8b710000 - 0x00007ffb8b73a000 	C:\WINDOWS\SYSTEM32\dbgcore.DLL
0x00007ffb86d50000 - 0x00007ffb86d75000 	C:\Program Files\Java\jdk-16.0.1\bin\java.dll
0x00007ffb94340000 - 0x00007ffb94a27000 	C:\WINDOWS\System32\SHELL32.dll
0x00007ffb93010000 - 0x00007ffb930b8000 	C:\WINDOWS\System32\shcore.dll
0x00007ffb92600000 - 0x00007ffb92d7b000 	C:\WINDOWS\System32\windows.storage.dll
0x00007ffb91e20000 - 0x00007ffb91e3e000 	C:\WINDOWS\System32\profapi.dll
0x00007ffb91e40000 - 0x00007ffb91e8a000 	C:\WINDOWS\System32\powrprof.dll
0x00007ffb91e10000 - 0x00007ffb91e20000 	C:\WINDOWS\System32\UMPDC.dll
0x00007ffb94e40000 - 0x00007ffb94e92000 	C:\WINDOWS\System32\shlwapi.dll
0x00007ffb92e80000 - 0x00007ffb92e97000 	C:\WINDOWS\System32\cryptsp.dll
0x00007ffb524f0000 - 0x00007ffb52670000 	C:\Program Files\Java\jdk-16.0.1\bin\awt.dll
0x00007ffb93990000 - 0x00007ffb93a55000 	C:\WINDOWS\System32\OLEAUT32.dll
0x00007ffb8e770000 - 0x00007ffb8e7ff000 	C:\WINDOWS\SYSTEM32\apphelp.dll
0x00007ffb903e0000 - 0x00007ffb9040d000 	C:\WINDOWS\system32\DWMAPI.DLL
0x00007ffb90310000 - 0x00007ffb903a9000 	C:\WINDOWS\system32\uxtheme.dll
0x00007ffb813f0000 - 0x00007ffb81546000 	C:\WINDOWS\system32\opengl32.dll
0x00007ffb8a280000 - 0x00007ffb8a2ac000 	C:\WINDOWS\SYSTEM32\GLU32.dll
0x00007ffb90ac0000 - 0x00007ffb90ae0000 	C:\WINDOWS\SYSTEM32\dxcore.dll
0x00007ffb93f70000 - 0x00007ffb940a5000 	C:\WINDOWS\System32\MSCTF.dll
0x00007ffb941e0000 - 0x00007ffb94337000 	C:\WINDOWS\System32\ole32.dll
0x00007ffb523c0000 - 0x00007ffb52449000 	C:\Program Files\Java\jdk-16.0.1\bin\freetype.dll
0x00007ffb4d820000 - 0x00007ffb4d916000 	C:\Program Files\Java\jdk-16.0.1\bin\harfbuzz.dll
0x00007ffb66a40000 - 0x00007ffb66a52000 	C:\Program Files\Java\jdk-16.0.1\bin\fontmanager.dll
0x00007ffb8c800000 - 0x00007ffb8c89b000 	C:\WINDOWS\System32\TextInputFramework.dll
0x00007ffb8e110000 - 0x00007ffb8e1e4000 	C:\WINDOWS\System32\CoreMessaging.dll
0x00007ffb88500000 - 0x00007ffb8882a000 	C:\WINDOWS\System32\CoreUIComponents.dll
0x00007ffb90e50000 - 0x00007ffb90e81000 	C:\WINDOWS\SYSTEM32\ntmarta.dll
0x00007ffb8f070000 - 0x00007ffb8f1c2000 	C:\WINDOWS\SYSTEM32\wintypes.dll
0x00007ffb737f0000 - 0x00007ffb73809000 	C:\Program Files\Java\jdk-16.0.1\bin\net.dll
0x00007ffb8ec40000 - 0x00007ffb8ed3a000 	C:\WINDOWS\SYSTEM32\WINHTTP.dll
0x00007ffb91650000 - 0x00007ffb916b7000 	C:\WINDOWS\system32\mswsock.dll
0x00007ffb737d0000 - 0x00007ffb737e3000 	C:\Program Files\Java\jdk-16.0.1\bin\nio.dll
0x00007ffb84390000 - 0x00007ffb84637000 	C:\WINDOWS\System32\iertutil.dll
0x00007ffb930c0000 - 0x00007ffb93162000 	C:\WINDOWS\System32\clbcatq.dll

dbghelp: loaded successfully - version: 4.0.5 - missing functions: none
symbol engine: initialized successfully - sym options: 0x614 - pdb path: .;C:\Program Files\Java\jdk-16.0.1\bin;C:\WINDOWS\SYSTEM32;C:\WINDOWS\WinSxS\amd64_microsoft.windows.common-controls_6595b64144ccf1df_6.0.18362.1556_none_9e7e372fe45e41d5;C:\Program Files\Java\jdk-16.0.1\bin\server

VM Arguments:
jvm_args: -Dfile.encoding=UTF-8 
java_command: simple.minds.Score
java_class_path (initial): C:\Users\Hp\Desktop\Simple Minds\build\classes
Launcher Type: SUN_STANDARD

[Global flags]
     intx CICompilerCount                          = 3                                         {product} {ergonomic}
     uint ConcGCThreads                            = 1                                         {product} {ergonomic}
     uint G1ConcRefinementThreads                  = 4                                         {product} {ergonomic}
   size_t G1HeapRegionSize                         = 1048576                                   {product} {ergonomic}
    uintx GCDrainStackTargetSize                   = 64                                        {product} {ergonomic}
   size_t InitialHeapSize                          = 67108864                                  {product} {ergonomic}
   size_t MarkStackSize                            = 4194304                                   {product} {ergonomic}
   size_t MaxHeapSize                              = 1052770304                                {product} {ergonomic}
   size_t MaxNewSize                               = 631242752                                 {product} {ergonomic}
   size_t MinHeapDeltaBytes                        = 1048576                                   {product} {ergonomic}
   size_t MinHeapSize                              = 8388608                                   {product} {ergonomic}
    uintx NonNMethodCodeHeapSize                   = 5832780                                {pd product} {ergonomic}
    uintx NonProfiledCodeHeapSize                  = 122912730                              {pd product} {ergonomic}
    uintx ProfiledCodeHeapSize                     = 122912730                              {pd product} {ergonomic}
    uintx ReservedCodeCacheSize                    = 251658240                              {pd product} {ergonomic}
     bool SegmentedCodeCache                       = true                                      {product} {ergonomic}
   size_t SoftMaxHeapSize                          = 1052770304                             {manageable} {ergonomic}
     bool UseCompressedClassPointers               = true                           {product lp64_product} {ergonomic}
     bool UseCompressedOops                        = true                           {product lp64_product} {ergonomic}
     bool UseG1GC                                  = true                                      {product} {ergonomic}
     bool UseLargePagesIndividualAllocation        = false                                  {pd product} {ergonomic}

Logging:
Log output configuration:
 #0: stdout all=warning uptime,level,tags
 #1: stderr all=off uptime,level,tags

Environment Variables:
PATH=C:\Program Files\Common Files\Oracle\Java\javapath;C:\Program Files (x86)\Common Files\Oracle\Java\javapath;C:\Program Files\Java\jre1.8.0_271\bin;C:\Program Files\Java\jdk-15.0.1\bin;C:\MinGW\bin;C:\Program Files\Java\jdk-15.0.2\bin;C:\Program Files\Java\jdk-16.0.1\bin;C:\Program Files\Mantra\RDService\MFS100;C:\Users\Hp\AppData\Local\Programs\Microsoft VS Code\bin;C:\MinGW\bin;
USERNAME=Hp
OS=Windows_NT
PROCESSOR_IDENTIFIER=Intel64 Family 6 Model 142 Stepping 9, GenuineIntel



---------------  S Y S T E M  ---------------

OS:
 Windows 10 , 64 bit Build 18362 (10.0.18362.1500)
OS uptime: 17 days 22:25 hours

CPU: total 4 (initial active 4) (2 cores per cpu, 2 threads per core) family 6 model 142 stepping 9 microcode 0xde, cx8, cmov, fxsr, ht, mmx, 3dnowpref, sse, sse2, sse3, ssse3, sse4.1, sse4.2, popcnt, lzcnt, tsc, tscinvbit, avx, avx2, aes, erms, clmul, bmi1, bmi2, adx, fma, vzeroupper, clflush, clflushopt

Memory: 4k page, system-wide physical 4011M (262M free)
TotalPageFile size 16299M (AvailPageFile size 0M)
current process WorkingSet (physical memory assigned to process): 12M, peak: 57M
current process commit charge ("private bytes"): 147M, peak: 147M

vm_info: Java HotSpot(TM) 64-Bit Server VM (16.0.1+9-24) for windows-amd64 JRE (16.0.1+9-24), built on Mar 26 2021 19:31:42 by "mach5one" with MS VC++ 16.7 (VS2019)

END.
